<?xml version="1.0" encoding="UTF-8"?>
<!-- Generated by org.testng.reporters.JUnitXMLReporter -->
<testsuite ignored="0" hostname="DESKTOP-CE4NKRB" failures="0" tests="2" name="Test-2" time="69.961" errors="0" timestamp="2024-05-14T15:02:04 IST">
  <testcase classname="com.comcast.crm.contactTest1.CreateContactTest" name="createContact" time="20.79"/>
  <testcase classname="com.comcast.crm.contactTest1.CreateContactTest" name="createContactWithSupportDateTest" time="21.213"/>
</testsuite> <!-- Test-2 -->
