<?xml version="1.0" encoding="UTF-8"?>
<!-- Generated by org.testng.reporters.JUnitReportReporter -->
<testsuite hostname="DESKTOP-CE4NKRB" failures="0" tests="1" name="com.comcast.crm.orgTest1.CreateOrganizationTest$CreateOrganizationWithIndustriesTest" time="25.036" errors="0" timestamp="2024-05-14T12:58:08 IST" skipped="0">
  <testcase classname="com.comcast.crm.orgTest1.CreateOrganizationTest$CreateOrganizationWithIndustriesTest" name="CreateOrganizationIndustriesTest" time="25.036"/>
</testsuite> <!-- com.comcast.crm.orgTest1.CreateOrganizationTest$CreateOrganizationWithIndustriesTest -->
