<?xml version="1.0" encoding="UTF-8"?>
<!-- Generated by org.testng.reporters.JUnitReportReporter -->
<testsuite hostname="DESKTOP-CE4NKRB" failures="0" tests="2" name="com.comcast.crm.contactTest1.CreateContactTest" time="43.711" errors="0" timestamp="2024-05-21T18:45:08 IST" skipped="0">
  <testcase classname="com.comcast.crm.contactTest1.CreateContactTest" name="createContact" time="21.679"/>
  <testcase classname="com.comcast.crm.contactTest1.CreateContactTest" name="createContactWithSupportDateTest" time="22.032"/>
</testsuite> <!-- com.comcast.crm.contactTest1.CreateContactTest -->
