<?xml version="1.0" encoding="UTF-8"?>
<!-- Generated by org.testng.reporters.JUnitReportReporter -->
<testsuite hostname="DESKTOP-CE4NKRB" failures="0" tests="1" name="com.comcast.crm.orgtest.CreateOrganizationWithIndustriesTest" time="23.366" errors="0" timestamp="2024-05-13T15:55:47 IST" skipped="0">
  <testcase classname="com.comcast.crm.orgtest.CreateOrganizationWithIndustriesTest" name="CreateOrganizationIndustriesTest" time="23.366"/>
</testsuite> <!-- com.comcast.crm.orgtest.CreateOrganizationWithIndustriesTest -->
