<?xml version="1.0" encoding="UTF-8"?>
<!-- Generated by org.testng.reporters.JUnitReportReporter -->
<testsuite hostname="DESKTOP-CE4NKRB" failures="0" tests="1" name="com.comcast.crm.orgTest1.CreateOrganizationTest" time="21.560" errors="0" timestamp="2024-05-22T22:28:15 IST" skipped="0">
  <testcase classname="com.comcast.crm.orgTest1.CreateOrganizationTest" name="CreateOrganizationIndustriesTest" time="21.560"/>
</testsuite> <!-- com.comcast.crm.orgTest1.CreateOrganizationTest -->
