<?xml version="1.0" encoding="UTF-8"?>
<!-- Generated by org.testng.reporters.JUnitReportReporter -->
<testsuite hostname="DESKTOP-CE4NKRB" failures="0" tests="1" name="com.comcast.crm.orgtest.CreateOrganizationWithPhoneNumber" time="23.756" errors="0" timestamp="2024-05-13T16:24:01 IST" skipped="0">
  <testcase classname="com.comcast.crm.orgtest.CreateOrganizationWithPhoneNumber" name="test" time="23.756"/>
</testsuite> <!-- com.comcast.crm.orgtest.CreateOrganizationWithPhoneNumber -->
