<?xml version="1.0" encoding="UTF-8"?>
<!-- Generated by org.testng.reporters.JUnitReportReporter -->
<testsuite hostname="DESKTOP-CE4NKRB" failures="0" tests="1" name="com.comcast.crm.contacttest.CreateContactTest" time="24.146" errors="0" timestamp="2024-05-14T12:47:04 IST" skipped="0">
  <testcase classname="com.comcast.crm.contacttest.CreateContactTest" name="createContactWithSupportDateTest" time="24.146"/>
</testsuite> <!-- com.comcast.crm.contacttest.CreateContactTest -->
