<?xml version="1.0" encoding="UTF-8"?>
<!-- Generated by org.testng.reporters.JUnitReportReporter -->
<testsuite hostname="DESKTOP-CE4NKRB" failures="0" tests="1" name="com.comcast.crm.orgtest.CreateOrganizationTest$CreateOrganizationWithIndustriesTest" time="23.045" errors="0" timestamp="2024-05-14T12:47:04 IST" skipped="0">
  <testcase classname="com.comcast.crm.orgtest.CreateOrganizationTest$CreateOrganizationWithIndustriesTest" name="CreateOrganizationIndustriesTest" time="23.045"/>
</testsuite> <!-- com.comcast.crm.orgtest.CreateOrganizationTest$CreateOrganizationWithIndustriesTest -->
