<?xml version="1.0" encoding="UTF-8"?>
<!-- Generated by org.testng.reporters.JUnitReportReporter -->
<testsuite hostname="DESKTOP-CE4NKRB" failures="0" tests="1" name="practice.test.Retry" time="9.250" errors="0" timestamp="2024-05-17T09:49:20 IST" skipped="0">
  <testcase classname="practice.test.Retry" name="activateSim" time="9.250"/>
</testsuite> <!-- practice.test.Retry -->
