<?xml version="1.0" encoding="UTF-8"?>
<!-- Generated by org.testng.reporters.JUnitReportReporter -->
<testsuite hostname="DESKTOP-CE4NKRB" failures="0" tests="1" name="com.comcast.crm.contacttest.CreateContactWithSupportDateTest" time="56.197" errors="0" timestamp="2024-05-14T23:52:53 IST" skipped="0">
  <testcase classname="com.comcast.crm.contacttest.CreateContactWithSupportDateTest" name="test" time="56.197"/>
</testsuite> <!-- com.comcast.crm.contacttest.CreateContactWithSupportDateTest -->
